<?xml version="1.0" encoding="UTF-8"?>
<!-- Generated by org.testng.reporters.JUnitReportReporter -->
<testsuite hostname="HDC1-D-316JXH2" failures="0" tests="2" name="com.accent.pkg.Test2" time="0.011" errors="0" timestamp="20 Nov 2018 08:10:59 GMT" skipped="0">
  <testcase classname="com.accent.pkg.Test2" name="testSubtract" time="0.004"/>
  <testcase classname="com.accent.pkg.Test2" name="testAdd" time="0.007"/>
</testsuite> <!-- com.accent.pkg.Test2 -->
